[01m[K/home/sky/obstacle-avoidance/src/obstacle-avoidance/src/rrt.cpp:77:32:[m[K [01;31m[Kerror: [m[K‘[01m[KPoin[m[K’ is not a member of ‘[01m[Kgeometry_msgs[m[K’; did you mean ‘[01m[KPoint[m[K’?
   77 | float get_angle(geometry_msgs::[01;31m[KPoin[m[K goal, geometry_msgs::Point current) {
      |                                [01;31m[K^~~~[m[K
      |                                [32m[KPoint[m[K
[01m[K/home/sky/obstacle-avoidance/src/obstacle-avoidance/src/rrt.cpp:77:64:[m[K [01;31m[Kerror: [m[Kexpected primary-expression before ‘[01m[Kcurrent[m[K’
   77 | float get_angle(geometry_msgs::Poin goal, geometry_msgs::Point [01;31m[Kcurrent[m[K) {
      |                                                                [01;31m[K^~~~~~~[m[K
[01m[K/home/sky/obstacle-avoidance/src/obstacle-avoidance/src/rrt.cpp:77:71:[m[K [01;31m[Kerror: [m[Kexpression list treated as compound expression in initializer [[01;31m[K-fpermissive[m[K]
   77 | float get_angle(geometry_msgs::Poin goal, geometry_msgs::Point current[01;31m[K)[m[K {
      |                                                                       [01;31m[K^[m[K
[01m[K/home/sky/obstacle-avoidance/src/obstacle-avoidance/src/rrt.cpp:[m[K In function ‘[01m[Kgeometry_msgs::Point Bias(geometry_msgs::Point, geometry_msgs::Point, int)[m[K’:
[01m[K/home/sky/obstacle-avoidance/src/obstacle-avoidance/src/rrt.cpp:83:48:[m[K [01;31m[Kerror: [m[Kbase operand of ‘[01m[K->[m[K’ has non-pointer type ‘[01m[Kgeometry_msgs::Point[m[K’ {aka ‘[01m[Kgeometry_msgs::Point_<std::allocator<void> >[m[K’}
   83 |     random.x = rand() % 2 * grid_size + current[01;31m[K->[m[Kx / 2 - grid_size;
      |                                                [01;31m[K^~[m[K
[01m[K/home/sky/obstacle-avoidance/src/obstacle-avoidance/src/rrt.cpp:84:48:[m[K [01;31m[Kerror: [m[Kbase operand of ‘[01m[K->[m[K’ has non-pointer type ‘[01m[Kgeometry_msgs::Point[m[K’ {aka ‘[01m[Kgeometry_msgs::Point_<std::allocator<void> >[m[K’}
   84 |     random.y = rand() % 2 * grid_size + current[01;31m[K->[m[Ky / 2 - grid_size;
      |                                                [01;31m[K^~[m[K
[01m[K/home/sky/obstacle-avoidance/src/obstacle-avoidance/src/rrt.cpp:88:41:[m[K [01;31m[Kerror: [m[K‘[01m[Kget_angle[m[K’ cannot be used as a function
   88 |     float theta = get_angle(goal, random[01;31m[K)[m[K;
      |                                         [01;31m[K^[m[K
make[2]: *** [CMakeFiles/rrt.dir/build.make:63: CMakeFiles/rrt.dir/src/rrt.cpp.o] Error 1
make[1]: *** [CMakeFiles/Makefile2:306: CMakeFiles/rrt.dir/all] Error 2
make: *** [Makefile:141: all] Error 2
