[01m[K/home/sky/obstacle-avoidance/src/obstacle-avoidance/src/rrt.cpp:[m[K In function ‘[01m[Kvoid rrt(geometry_msgs::Point, geometry_msgs::Point)[m[K’:
[01m[K/home/sky/obstacle-avoidance/src/obstacle-avoidance/src/rrt.cpp:138:43:[m[K [01;31m[Kerror: [m[Kbase operand of ‘[01m[K->[m[K’ has non-pointer type ‘[01m[Kgeometry_msgs::Point[m[K’ {aka ‘[01m[Kgeometry_msgs::Point_<std::allocator<void> >[m[K’}
  138 |             if (minimal_distance(new_point[01;31m[K->[m[Kpoint, goal) < minimal_distance(current, goal)) {
      |                                           [01;31m[K^~[m[K
[01m[K/home/sky/obstacle-avoidance/src/obstacle-avoidance/src/rrt.cpp:139:36:[m[K [01;31m[Kerror: [m[Kbase operand of ‘[01m[K->[m[K’ has non-pointer type ‘[01m[Kgeometry_msgs::Point[m[K’ {aka ‘[01m[Kgeometry_msgs::Point_<std::allocator<void> >[m[K’}
  139 |                 current = new_point[01;31m[K->[m[Kpoint;
      |                                    [01;31m[K^~[m[K
[01m[K/home/sky/obstacle-avoidance/src/obstacle-avoidance/src/rrt.cpp:157:11:[m[K [01;31m[Kerror: [m[Kconflicting declaration ‘[01m[Knode* current[m[K’
  157 |     node* [01;31m[Kcurrent[m[K = t.nodes[t.nodes.size() - 1];
      |           [01;31m[K^~~~~~~[m[K
[01m[K/home/sky/obstacle-avoidance/src/obstacle-avoidance/src/rrt.cpp:103:26:[m[K [01;36m[Knote: [m[Kprevious declaration as ‘[01m[Kgeometry_msgs::Point current[m[K’
  103 |     geometry_msgs::Point [01;36m[Kcurrent[m[K = t.nodes[0]->point;
      |                          [01;36m[K^~~~~~~[m[K
[01m[K/home/sky/obstacle-avoidance/src/obstacle-avoidance/src/rrt.cpp:170:19:[m[K [01;31m[Kerror: [m[Kbase operand of ‘[01m[K->[m[K’ has non-pointer type ‘[01m[Kgeometry_msgs::Point[m[K’ {aka ‘[01m[Kgeometry_msgs::Point_<std::allocator<void> >[m[K’}
  170 |     while (current[01;31m[K->[m[Kparent != nullptr) {
      |                   [01;31m[K^~[m[K
[01m[K/home/sky/obstacle-avoidance/src/obstacle-avoidance/src/rrt.cpp:172:33:[m[K [01;31m[Kerror: [m[Kbase operand of ‘[01m[K->[m[K’ has non-pointer type ‘[01m[Kgeometry_msgs::Point[m[K’ {aka ‘[01m[Kgeometry_msgs::Point_<std::allocator<void> >[m[K’}
  172 |             if (sqrt(pow(current[01;31m[K->[m[Kparent->point.x - obstacle.x, 2) + pow(current->parent->point.y - obstacle.y, 2)) < clearence) {
      |                                 [01;31m[K^~[m[K
[01m[K/home/sky/obstacle-avoidance/src/obstacle-avoidance/src/rrt.cpp:172:81:[m[K [01;31m[Kerror: [m[Kbase operand of ‘[01m[K->[m[K’ has non-pointer type ‘[01m[Kgeometry_msgs::Point[m[K’ {aka ‘[01m[Kgeometry_msgs::Point_<std::allocator<void> >[m[K’}
  172 |             if (sqrt(pow(current->parent->point.x - obstacle.x, 2) + pow(current[01;31m[K->[m[Kparent->point.y - obstacle.y, 2)) < clearence) {
      |                                                                                 [01;31m[K^~[m[K
In file included from [01m[K/opt/ros/noetic/include/ros/ros.h:40[m[K,
                 from [01m[K/home/sky/obstacle-avoidance/src/obstacle-avoidance/src/rrt.cpp:2[m[K:
[01m[K/home/sky/obstacle-avoidance/src/obstacle-avoidance/src/rrt.cpp:173:81:[m[K [01;31m[Kerror: [m[Kbase operand of ‘[01m[K->[m[K’ has non-pointer type ‘[01m[Kgeometry_msgs::Point[m[K’ {aka ‘[01m[Kgeometry_msgs::Point_<std::allocator<void> >[m[K’}
  173 |                 ROS_INFO("RRT recall from x: %f, y: %f to x: %f, y: %f", current[01;31m[K->[m[Kpoint.x, current->point.y, goal.x, goal.y);
      |                                                                                 [01;31m[K^~[m[K
[01m[K/opt/ros/noetic/include/ros/console.h:351:165:[m[K [01;36m[Knote: [m[Kin definition of macro ‘[01m[KROSCONSOLE_PRINT_AT_LOCATION_WITH_FILTER[m[K’
  351 |     ::ros::console::print(filter, __rosconsole_define_location__loc.logger_, __rosconsole_define_location__loc.level_, __FILE__, __LINE__, __ROSCONSOLE_FUNCTION__, [01;36m[K__VA_ARGS__[m[K)
      |                                                                                                                                                                     [01;36m[K^~~~~~~~~~~[m[K
[01m[K/opt/ros/noetic/include/ros/console.h:390:7:[m[K [01;36m[Knote: [m[Kin expansion of macro ‘[01m[KROSCONSOLE_PRINT_AT_LOCATION[m[K’
  390 |       [01;36m[KROSCONSOLE_PRINT_AT_LOCATION[m[K(__VA_ARGS__); \
      |       [01;36m[K^~~~~~~~~~~~~~~~~~~~~~~~~~~~[m[K
[01m[K/opt/ros/noetic/include/ros/console.h:575:35:[m[K [01;36m[Knote: [m[Kin expansion of macro ‘[01m[KROS_LOG_COND[m[K’
  575 | #define ROS_LOG(level, name, ...) [01;36m[KROS_LOG_COND[m[K(true, level, name, __VA_ARGS__)
      |                                   [01;36m[K^~~~~~~~~~~~[m[K
[01m[K/opt/ros/noetic/include/rosconsole/macros_generated.h:110:23:[m[K [01;36m[Knote: [m[Kin expansion of macro ‘[01m[KROS_LOG[m[K’
  110 | #define ROS_INFO(...) [01;36m[KROS_LOG[m[K(::ros::console::levels::Info, ROSCONSOLE_DEFAULT_NAME, __VA_ARGS__)
      |                       [01;36m[K^~~~~~~[m[K
[01m[K/home/sky/obstacle-avoidance/src/obstacle-avoidance/src/rrt.cpp:173:17:[m[K [01;36m[Knote: [m[Kin expansion of macro ‘[01m[KROS_INFO[m[K’
  173 |                 [01;36m[KROS_INFO[m[K("RRT recall from x: %f, y: %f to x: %f, y: %f", current->point.x, current->point.y, goal.x, goal.y);
      |                 [01;36m[K^~~~~~~~[m[K
[01m[K/home/sky/obstacle-avoidance/src/obstacle-avoidance/src/rrt.cpp:173:99:[m[K [01;31m[Kerror: [m[Kbase operand of ‘[01m[K->[m[K’ has non-pointer type ‘[01m[Kgeometry_msgs::Point[m[K’ {aka ‘[01m[Kgeometry_msgs::Point_<std::allocator<void> >[m[K’}
  173 |                 ROS_INFO("RRT recall from x: %f, y: %f to x: %f, y: %f", current->point.x, current[01;31m[K->[m[Kpoint.y, goal.x, goal.y);
      |                                                                                                   [01;31m[K^~[m[K
[01m[K/opt/ros/noetic/include/ros/console.h:351:165:[m[K [01;36m[Knote: [m[Kin definition of macro ‘[01m[KROSCONSOLE_PRINT_AT_LOCATION_WITH_FILTER[m[K’
  351 |     ::ros::console::print(filter, __rosconsole_define_location__loc.logger_, __rosconsole_define_location__loc.level_, __FILE__, __LINE__, __ROSCONSOLE_FUNCTION__, [01;36m[K__VA_ARGS__[m[K)
      |                                                                                                                                                                     [01;36m[K^~~~~~~~~~~[m[K
[01m[K/opt/ros/noetic/include/ros/console.h:390:7:[m[K [01;36m[Knote: [m[Kin expansion of macro ‘[01m[KROSCONSOLE_PRINT_AT_LOCATION[m[K’
  390 |       [01;36m[KROSCONSOLE_PRINT_AT_LOCATION[m[K(__VA_ARGS__); \
      |       [01;36m[K^~~~~~~~~~~~~~~~~~~~~~~~~~~~[m[K
[01m[K/opt/ros/noetic/include/ros/console.h:575:35:[m[K [01;36m[Knote: [m[Kin expansion of macro ‘[01m[KROS_LOG_COND[m[K’
  575 | #define ROS_LOG(level, name, ...) [01;36m[KROS_LOG_COND[m[K(true, level, name, __VA_ARGS__)
      |                                   [01;36m[K^~~~~~~~~~~~[m[K
[01m[K/opt/ros/noetic/include/rosconsole/macros_generated.h:110:23:[m[K [01;36m[Knote: [m[Kin expansion of macro ‘[01m[KROS_LOG[m[K’
  110 | #define ROS_INFO(...) [01;36m[KROS_LOG[m[K(::ros::console::levels::Info, ROSCONSOLE_DEFAULT_NAME, __VA_ARGS__)
      |                       [01;36m[K^~~~~~~[m[K
[01m[K/home/sky/obstacle-avoidance/src/obstacle-avoidance/src/rrt.cpp:173:17:[m[K [01;36m[Knote: [m[Kin expansion of macro ‘[01m[KROS_INFO[m[K’
  173 |                 [01;36m[KROS_INFO[m[K("RRT recall from x: %f, y: %f to x: %f, y: %f", current->point.x, current->point.y, goal.x, goal.y);
      |                 [01;36m[K^~~~~~~~[m[K
[01m[K/home/sky/obstacle-avoidance/src/obstacle-avoidance/src/rrt.cpp:176:28:[m[K [01;31m[Kerror: [m[Kbase operand of ‘[01m[K->[m[K’ has non-pointer type ‘[01m[Kgeometry_msgs::Point[m[K’ {aka ‘[01m[Kgeometry_msgs::Point_<std::allocator<void> >[m[K’}
  176 |                 rrt(current[01;31m[K->[m[Kpoint, goal);
      |                            [01;31m[K^~[m[K
[01m[K/home/sky/obstacle-avoidance/src/obstacle-avoidance/src/rrt.cpp:183:84:[m[K [01;31m[Kerror: [m[K‘[01m[Kmavros_msgs::PostionTarget[m[K’ has not been declared
  183 |             raw.type_mask = mavros_msgs::PositionTarget::IGNORE_AFX | mavros_msgs::[01;31m[KPostionTarget[m[K::FORCE | mavros_msgs::PositionTarget::IGNORE_YAW;
      |                                                                                    [01;31m[K^~~~~~~~~~~~~[m[K
[01m[K/home/sky/obstacle-avoidance/src/obstacle-avoidance/src/rrt.cpp:189:37:[m[K [01;31m[Kerror: [m[Kbase operand of ‘[01m[K->[m[K’ has non-pointer type ‘[01m[Kgeometry_msgs::Point[m[K’ {aka ‘[01m[Kgeometry_msgs::Point_<std::allocator<void> >[m[K’}
  189 |             raw.position.x = current[01;31m[K->[m[Kparent->point.x;
      |                                     [01;31m[K^~[m[K
[01m[K/home/sky/obstacle-avoidance/src/obstacle-avoidance/src/rrt.cpp:190:37:[m[K [01;31m[Kerror: [m[Kbase operand of ‘[01m[K->[m[K’ has non-pointer type ‘[01m[Kgeometry_msgs::Point[m[K’ {aka ‘[01m[Kgeometry_msgs::Point_<std::allocator<void> >[m[K’}
  190 |             raw.position.y = current[01;31m[K->[m[Kparent->point.y;
      |                                     [01;31m[K^~[m[K
[01m[K/home/sky/obstacle-avoidance/src/obstacle-avoidance/src/rrt.cpp:196:43:[m[K [01;31m[Kerror: [m[Kbase operand of ‘[01m[K->[m[K’ has non-pointer type ‘[01m[Kgeometry_msgs::Point[m[K’ {aka ‘[01m[Kgeometry_msgs::Point_<std::allocator<void> >[m[K’}
  196 |             next.pose.position.x = current[01;31m[K->[m[Kparent->point.x;
      |                                           [01;31m[K^~[m[K
[01m[K/home/sky/obstacle-avoidance/src/obstacle-avoidance/src/rrt.cpp:197:43:[m[K [01;31m[Kerror: [m[Kbase operand of ‘[01m[K->[m[K’ has non-pointer type ‘[01m[Kgeometry_msgs::Point[m[K’ {aka ‘[01m[Kgeometry_msgs::Point_<std::allocator<void> >[m[K’}
  197 |             next.pose.position.y = current[01;31m[K->[m[Kparent->point.y;
      |                                           [01;31m[K^~[m[K
In file included from [01m[K/opt/ros/noetic/include/ros/ros.h:40[m[K,
                 from [01m[K/home/sky/obstacle-avoidance/src/obstacle-avoidance/src/rrt.cpp:2[m[K:
[01m[K/home/sky/obstacle-avoidance/src/obstacle-avoidance/src/rrt.cpp:208:49:[m[K [01;31m[Kerror: [m[Kbase operand of ‘[01m[K->[m[K’ has non-pointer type ‘[01m[Kgeometry_msgs::Point[m[K’ {aka ‘[01m[Kgeometry_msgs::Point_<std::allocator<void> >[m[K’}
  208 |             ROS_INFO("go to: x=%f y=%f", current[01;31m[K->[m[Kparent->point.x, current->parent->point.y);
      |                                                 [01;31m[K^~[m[K
[01m[K/opt/ros/noetic/include/ros/console.h:351:165:[m[K [01;36m[Knote: [m[Kin definition of macro ‘[01m[KROSCONSOLE_PRINT_AT_LOCATION_WITH_FILTER[m[K’
  351 |     ::ros::console::print(filter, __rosconsole_define_location__loc.logger_, __rosconsole_define_location__loc.level_, __FILE__, __LINE__, __ROSCONSOLE_FUNCTION__, [01;36m[K__VA_ARGS__[m[K)
      |                                                                                                                                                                     [01;36m[K^~~~~~~~~~~[m[K
[01m[K/opt/ros/noetic/include/ros/console.h:390:7:[m[K [01;36m[Knote: [m[Kin expansion of macro ‘[01m[KROSCONSOLE_PRINT_AT_LOCATION[m[K’
  390 |       [01;36m[KROSCONSOLE_PRINT_AT_LOCATION[m[K(__VA_ARGS__); \
      |       [01;36m[K^~~~~~~~~~~~~~~~~~~~~~~~~~~~[m[K
[01m[K/opt/ros/noetic/include/ros/console.h:575:35:[m[K [01;36m[Knote: [m[Kin expansion of macro ‘[01m[KROS_LOG_COND[m[K’
  575 | #define ROS_LOG(level, name, ...) [01;36m[KROS_LOG_COND[m[K(true, level, name, __VA_ARGS__)
      |                                   [01;36m[K^~~~~~~~~~~~[m[K
[01m[K/opt/ros/noetic/include/rosconsole/macros_generated.h:110:23:[m[K [01;36m[Knote: [m[Kin expansion of macro ‘[01m[KROS_LOG[m[K’
  110 | #define ROS_INFO(...) [01;36m[KROS_LOG[m[K(::ros::console::levels::Info, ROSCONSOLE_DEFAULT_NAME, __VA_ARGS__)
      |                       [01;36m[K^~~~~~~[m[K
[01m[K/home/sky/obstacle-avoidance/src/obstacle-avoidance/src/rrt.cpp:208:13:[m[K [01;36m[Knote: [m[Kin expansion of macro ‘[01m[KROS_INFO[m[K’
  208 |             [01;36m[KROS_INFO[m[K("go to: x=%f y=%f", current->parent->point.x, current->parent->point.y);
      |             [01;36m[K^~~~~~~~[m[K
[01m[K/home/sky/obstacle-avoidance/src/obstacle-avoidance/src/rrt.cpp:208:75:[m[K [01;31m[Kerror: [m[Kbase operand of ‘[01m[K->[m[K’ has non-pointer type ‘[01m[Kgeometry_msgs::Point[m[K’ {aka ‘[01m[Kgeometry_msgs::Point_<std::allocator<void> >[m[K’}
  208 |             ROS_INFO("go to: x=%f y=%f", current->parent->point.x, current[01;31m[K->[m[Kparent->point.y);
      |                                                                           [01;31m[K^~[m[K
[01m[K/opt/ros/noetic/include/ros/console.h:351:165:[m[K [01;36m[Knote: [m[Kin definition of macro ‘[01m[KROSCONSOLE_PRINT_AT_LOCATION_WITH_FILTER[m[K’
  351 |     ::ros::console::print(filter, __rosconsole_define_location__loc.logger_, __rosconsole_define_location__loc.level_, __FILE__, __LINE__, __ROSCONSOLE_FUNCTION__, [01;36m[K__VA_ARGS__[m[K)
      |                                                                                                                                                                     [01;36m[K^~~~~~~~~~~[m[K
[01m[K/opt/ros/noetic/include/ros/console.h:390:7:[m[K [01;36m[Knote: [m[Kin expansion of macro ‘[01m[KROSCONSOLE_PRINT_AT_LOCATION[m[K’
  390 |       [01;36m[KROSCONSOLE_PRINT_AT_LOCATION[m[K(__VA_ARGS__); \
      |       [01;36m[K^~~~~~~~~~~~~~~~~~~~~~~~~~~~[m[K
[01m[K/opt/ros/noetic/include/ros/console.h:575:35:[m[K [01;36m[Knote: [m[Kin expansion of macro ‘[01m[KROS_LOG_COND[m[K’
  575 | #define ROS_LOG(level, name, ...) [01;36m[KROS_LOG_COND[m[K(true, level, name, __VA_ARGS__)
      |                                   [01;36m[K^~~~~~~~~~~~[m[K
[01m[K/opt/ros/noetic/include/rosconsole/macros_generated.h:110:23:[m[K [01;36m[Knote: [m[Kin expansion of macro ‘[01m[KROS_LOG[m[K’
  110 | #define ROS_INFO(...) [01;36m[KROS_LOG[m[K(::ros::console::levels::Info, ROSCONSOLE_DEFAULT_NAME, __VA_ARGS__)
      |                       [01;36m[K^~~~~~~[m[K
[01m[K/home/sky/obstacle-avoidance/src/obstacle-avoidance/src/rrt.cpp:208:13:[m[K [01;36m[Knote: [m[Kin expansion of macro ‘[01m[KROS_INFO[m[K’
  208 |             [01;36m[KROS_INFO[m[K("go to: x=%f y=%f", current->parent->point.x, current->parent->point.y);
      |             [01;36m[K^~~~~~~~[m[K
[01m[K/home/sky/obstacle-avoidance/src/obstacle-avoidance/src/rrt.cpp:222:30:[m[K [01;31m[Kerror: [m[Kbase operand of ‘[01m[K->[m[K’ has non-pointer type ‘[01m[Kgeometry_msgs::Point[m[K’ {aka ‘[01m[Kgeometry_msgs::Point_<std::allocator<void> >[m[K’}
  222 |             current = current[01;31m[K->[m[Kparent;
      |                              [01;31m[K^~[m[K
make[2]: *** [CMakeFiles/rrt.dir/build.make:63: CMakeFiles/rrt.dir/src/rrt.cpp.o] Error 1
make[1]: *** [CMakeFiles/Makefile2:306: CMakeFiles/rrt.dir/all] Error 2
make: *** [Makefile:141: all] Error 2
