[  0%] Built target geometry_msgs_generate_messages_lisp
[  0%] Built target trajectory_msgs_generate_messages_nodejs
[  0%] Built target actionlib_msgs_generate_messages_nodejs
[  0%] Built target rosgraph_msgs_generate_messages_lisp
[  0%] Built target trajectory_msgs_generate_messages_lisp
[  0%] Built target actionlib_msgs_generate_messages_eus
[  0%] Built target actionlib_generate_messages_cpp
[  0%] Built target tf2_msgs_generate_messages_cpp
[  0%] Built target trajectory_msgs_generate_messages_cpp
[  0%] Built target tf2_msgs_generate_messages_lisp
[  0%] Built target tf2_msgs_generate_messages_nodejs
[  0%] Built target roscpp_generate_messages_py
[  0%] Built target actionlib_generate_messages_nodejs
[  0%] Built target nav_msgs_generate_messages_cpp
[  0%] Built target trajectory_msgs_generate_messages_eus
[  0%] Built target std_msgs_generate_messages_nodejs
[  0%] Built target actionlib_generate_messages_py
[  0%] Built target nav_msgs_generate_messages_eus
[  0%] Built target diagnostic_msgs_generate_messages_lisp
[  0%] Built target roscpp_generate_messages_cpp
[  0%] Built target std_msgs_generate_messages_cpp
[  0%] Built target geometry_msgs_generate_messages_eus
[  0%] Built target geometry_msgs_generate_messages_py
[  0%] Built target diagnostic_msgs_generate_messages_eus
[  0%] Built target tf2_msgs_generate_messages_eus
[  0%] Built target std_msgs_generate_messages_py
[  0%] Built target sensor_msgs_generate_messages_py
[  0%] Built target nav_msgs_generate_messages_py
[  0%] Built target actionlib_generate_messages_lisp
[  0%] Built target _obstacle_avoidance_generate_messages_check_deps_Points
[  0%] Built target roscpp_generate_messages_lisp
[  0%] Built target mavros_msgs_generate_messages_eus
[  0%] Built target geometry_msgs_generate_messages_nodejs
[  0%] Built target diagnostic_msgs_generate_messages_cpp
[  0%] Built target rosgraph_msgs_generate_messages_py
[  0%] Built target geometry_msgs_generate_messages_cpp
[  0%] Built target uuid_msgs_generate_messages_lisp
[  0%] Built target rosgraph_msgs_generate_messages_cpp
[  0%] Built target actionlib_generate_messages_eus
[  0%] Built target std_msgs_generate_messages_lisp
[  0%] Built target roscpp_generate_messages_eus
[  0%] Built target roscpp_generate_messages_nodejs
[  0%] Built target trajectory_msgs_generate_messages_py
[  0%] Built target diagnostic_msgs_generate_messages_nodejs
[  0%] Built target uuid_msgs_generate_messages_cpp
[  0%] Built target mavros_msgs_generate_messages_py
[  0%] Built target uuid_msgs_generate_messages_eus
[  0%] Built target rosgraph_msgs_generate_messages_nodejs
[  0%] Built target geographic_msgs_generate_messages_cpp
[  0%] Built target nav_msgs_generate_messages_nodejs
[  0%] Built target geographic_msgs_generate_messages_eus
[  0%] Built target geographic_msgs_generate_messages_lisp
[  0%] Built target diagnostic_msgs_generate_messages_py
[  0%] Built target geographic_msgs_generate_messages_nodejs
[  0%] Built target sensor_msgs_generate_messages_cpp
[  0%] Built target geographic_msgs_generate_messages_py
[  0%] Built target uuid_msgs_generate_messages_py
[  0%] Built target sensor_msgs_generate_messages_eus
[  0%] Built target rosgraph_msgs_generate_messages_eus
[  0%] Built target sensor_msgs_generate_messages_lisp
[  0%] Built target uuid_msgs_generate_messages_nodejs
[  0%] Built target tf2_msgs_generate_messages_py
[  0%] Built target mavros_msgs_generate_messages_cpp
[  0%] Built target actionlib_msgs_generate_messages_py
[  0%] Built target mavros_msgs_generate_messages_lisp
[  0%] Built target mavros_msgs_generate_messages_nodejs
[  0%] Built target nav_msgs_generate_messages_lisp
[  0%] Built target actionlib_msgs_generate_messages_cpp
[  9%] Built target obstacle_avoidance_generate_messages_lisp
[  9%] Built target sensor_msgs_generate_messages_nodejs
[  9%] Built target actionlib_msgs_generate_messages_lisp
[  9%] Built target std_msgs_generate_messages_eus
[ 18%] Built target obstacle_avoidance_generate_messages_cpp
[ 36%] Built target obstacle_avoidance_generate_messages_py
[ 54%] Built target obstacle_avoidance_generate_messages_eus
[ 63%] Built target obstacle_avoidance_generate_messages_nodejs
[ 63%] Built target obstacle_avoidance_generate_messages
[ 81%] Built target obstacle_avoidance_node
[100%] Built target rrt
