[01m[K/home/sky/obstacle-avoidance/src/obstacle-avoidance/src/rrt.cpp:9:5:[m[K [01;31m[Kerror: [m[K‘[01m[KPoint[m[K’ does not name a type
    9 |     [01;31m[KPoint[m[K point;
      |     [01;31m[K^~~~~[m[K
[01m[K/home/sky/obstacle-avoidance/src/obstacle-avoidance/src/rrt.cpp:11:5:[m[K [01;31m[Kerror: [m[K‘[01m[Kvector[m[K’ does not name a type
   11 |     [01;31m[Kvector[m[K<node*> children;
      |     [01;31m[K^~~~~~[m[K
[01m[K/home/sky/obstacle-avoidance/src/obstacle-avoidance/src/rrt.cpp:16:5:[m[K [01;31m[Kerror: [m[K‘[01m[Kvector[m[K’ does not name a type
   16 |     [01;31m[Kvector[m[K<node*> nodes;
      |     [01;31m[K^~~~~~[m[K
[01m[K/home/sky/obstacle-avoidance/src/obstacle-avoidance/src/rrt.cpp:20:1:[m[K [01;31m[Kerror: [m[K‘[01m[KPoint[m[K’ does not name a type
   20 | [01;31m[KPoint[m[K position;
      | [01;31m[K^~~~~[m[K
[01m[K/home/sky/obstacle-avoidance/src/obstacle-avoidance/src/rrt.cpp:21:1:[m[K [01;31m[Kerror: [m[K‘[01m[Kvector[m[K’ does not name a type
   21 | [01;31m[Kvector[m[K<Point> obstacles;
      | [01;31m[K^~~~~~[m[K
[01m[K/home/sky/obstacle-avoidance/src/obstacle-avoidance/src/rrt.cpp:28:10:[m[K [01;31m[Kerror: [m[Kvariable or field ‘[01m[Krrt[m[K’ declared void
   28 | void rrt([01;31m[KPoint[m[K start, Point goal);
      |          [01;31m[K^~~~~[m[K
[01m[K/home/sky/obstacle-avoidance/src/obstacle-avoidance/src/rrt.cpp:28:10:[m[K [01;31m[Kerror: [m[K‘[01m[KPoint[m[K’ was not declared in this scope; did you mean ‘[01m[Kgeometry_msgs::Point[m[K’?
   28 | void rrt([01;31m[KPoint[m[K start, Point goal);
      |          [01;31m[K^~~~~[m[K
      |          [32m[Kgeometry_msgs::Point[m[K
In file included from [01m[K/home/sky/obstacle-avoidance/src/obstacle-avoidance/src/rrt.cpp:2[m[K:
[01m[K/opt/ros/noetic/include/geometry_msgs/Point.h:58:56:[m[K [01;36m[Knote: [m[K‘[01m[Kgeometry_msgs::Point[m[K’ declared here
   58 | typedef ::geometry_msgs::Point_<std::allocator<void> > [01;36m[KPoint[m[K;
      |                                                        [01;36m[K^~~~~[m[K
[01m[K/home/sky/obstacle-avoidance/src/obstacle-avoidance/src/rrt.cpp:28:23:[m[K [01;31m[Kerror: [m[K‘[01m[KPoint[m[K’ was not declared in this scope; did you mean ‘[01m[Kgeometry_msgs::Point[m[K’?
   28 | void rrt(Point start, [01;31m[KPoint[m[K goal);
      |                       [01;31m[K^~~~~[m[K
      |                       [32m[Kgeometry_msgs::Point[m[K
In file included from [01m[K/home/sky/obstacle-avoidance/src/obstacle-avoidance/src/rrt.cpp:2[m[K:
[01m[K/opt/ros/noetic/include/geometry_msgs/Point.h:58:56:[m[K [01;36m[Knote: [m[K‘[01m[Kgeometry_msgs::Point[m[K’ declared here
   58 | typedef ::geometry_msgs::Point_<std::allocator<void> > [01;36m[KPoint[m[K;
      |                                                        [01;36m[K^~~~~[m[K
[01m[K/home/sky/obstacle-avoidance/src/obstacle-avoidance/src/rrt.cpp:[m[K In function ‘[01m[Kint main(int, char**)[m[K’:
[01m[K/home/sky/obstacle-avoidance/src/obstacle-avoidance/src/rrt.cpp:32:5:[m[K [01;31m[Kerror: [m[K‘[01m[Kinit[m[K’ was not declared in this scope; did you mean ‘[01m[Kint[m[K’?
   32 |     [01;31m[Kinit[m[K(argc, argv, "rrt");
      |     [01;31m[K^~~~[m[K
      |     [32m[Kint[m[K
[01m[K/home/sky/obstacle-avoidance/src/obstacle-avoidance/src/rrt.cpp:33:5:[m[K [01;31m[Kerror: [m[K‘[01m[KNodeHandle[m[K’ was not declared in this scope
   33 |     [01;31m[KNodeHandle[m[K nh;
      |     [01;31m[K^~~~~~~~~~[m[K
[01m[K/home/sky/obstacle-avoidance/src/obstacle-avoidance/src/rrt.cpp:34:5:[m[K [01;31m[Kerror: [m[K‘[01m[KSubscriber[m[K’ was not declared in this scope
   34 |     [01;31m[KSubscriber[m[K sub_local_pose = nh.subscribe("/local_position/pose ", 10, localPoseCallback);
      |     [01;31m[K^~~~~~~~~~[m[K
[01m[K/home/sky/obstacle-avoidance/src/obstacle-avoidance/src/rrt.cpp:35:15:[m[K [01;31m[Kerror: [m[Kexpected ‘[01m[K;[m[K’ before ‘[01m[Ksub_obstacles[m[K’
   35 |     Subscriber[01;31m[K [m[K[32m[Ksub_obstacles[m[K = nh.subscribe("/obstacle_avoidance/obstacles", 10, obstacleCallback);
      |               [01;31m[K^[m[K[32m[K~~~~~~~~~~~~~[m[K
      |               [32m[K;[m[K
[01m[K/home/sky/obstacle-avoidance/src/obstacle-avoidance/src/rrt.cpp:36:15:[m[K [01;31m[Kerror: [m[Kexpected ‘[01m[K;[m[K’ before ‘[01m[Ksub_goal[m[K’
   36 |     Subscriber[01;31m[K [m[K[32m[Ksub_goal[m[K = nh.subscribe("/obstacle_avoidance/goal", 10, goalCallback);
      |               [01;31m[K^[m[K[32m[K~~~~~~~~[m[K
      |               [32m[K;[m[K
[01m[K/home/sky/obstacle-avoidance/src/obstacle-avoidance/src/rrt.cpp:39:5:[m[K [01;31m[Kerror: [m[K‘[01m[Kspin[m[K’ was not declared in this scope; did you mean ‘[01m[Ksin[m[K’?
   39 |     [01;31m[Kspin[m[K();
      |     [01;31m[K^~~~[m[K
      |     [32m[Ksin[m[K
[01m[K/home/sky/obstacle-avoidance/src/obstacle-avoidance/src/rrt.cpp:[m[K In function ‘[01m[Kvoid localPoseCallback(const ConstPtr&)[m[K’:
[01m[K/home/sky/obstacle-avoidance/src/obstacle-avoidance/src/rrt.cpp:44:5:[m[K [01;31m[Kerror: [m[K‘[01m[Kposition[m[K’ was not declared in this scope
   44 |     [01;31m[Kposition[m[K.x = msg->pose.position.x;
      |     [01;31m[K^~~~~~~~[m[K
[01m[K/home/sky/obstacle-avoidance/src/obstacle-avoidance/src/rrt.cpp:[m[K In function ‘[01m[Kvoid obstacleCallback(const ConstPtr&)[m[K’:
[01m[K/home/sky/obstacle-avoidance/src/obstacle-avoidance/src/rrt.cpp:50:5:[m[K [01;31m[Kerror: [m[K‘[01m[Kobstacles[m[K’ was not declared in this scope; did you mean ‘[01m[Kobstack[m[K’?
   50 |     [01;31m[Kobstacles[m[K = msg->points;
      |     [01;31m[K^~~~~~~~~[m[K
      |     [32m[Kobstack[m[K
[01m[K/home/sky/obstacle-avoidance/src/obstacle-avoidance/src/rrt.cpp:[m[K In function ‘[01m[Kvoid goalCallback(const ConstPtr&)[m[K’:
[01m[K/home/sky/obstacle-avoidance/src/obstacle-avoidance/src/rrt.cpp:54:5:[m[K [01;31m[Kerror: [m[K‘[01m[KPoint[m[K’ was not declared in this scope; did you mean ‘[01m[Kgeometry_msgs::Point[m[K’?
   54 |     [01;31m[KPoint[m[K goal;
      |     [01;31m[K^~~~~[m[K
      |     [32m[Kgeometry_msgs::Point[m[K
In file included from [01m[K/home/sky/obstacle-avoidance/src/obstacle-avoidance/src/rrt.cpp:2[m[K:
[01m[K/opt/ros/noetic/include/geometry_msgs/Point.h:58:56:[m[K [01;36m[Knote: [m[K‘[01m[Kgeometry_msgs::Point[m[K’ declared here
   58 | typedef ::geometry_msgs::Point_<std::allocator<void> > [01;36m[KPoint[m[K;
      |                                                        [01;36m[K^~~~~[m[K
[01m[K/home/sky/obstacle-avoidance/src/obstacle-avoidance/src/rrt.cpp:55:5:[m[K [01;31m[Kerror: [m[K‘[01m[Kgoal[m[K’ was not declared in this scope
   55 |     [01;31m[Kgoal[m[K.x = msg->x;
      |     [01;31m[K^~~~[m[K
[01m[K/home/sky/obstacle-avoidance/src/obstacle-avoidance/src/rrt.cpp:59:9:[m[K [01;31m[Kerror: [m[K‘[01m[Kposition[m[K’ was not declared in this scope
   59 |     rrt([01;31m[Kposition[m[K, goal);
      |         [01;31m[K^~~~~~~~[m[K
[01m[K/home/sky/obstacle-avoidance/src/obstacle-avoidance/src/rrt.cpp:59:5:[m[K [01;31m[Kerror: [m[K‘[01m[Krrt[m[K’ was not declared in this scope
   59 |     [01;31m[Krrt[m[K(position, goal);
      |     [01;31m[K^~~[m[K
[01m[K/home/sky/obstacle-avoidance/src/obstacle-avoidance/src/rrt.cpp:[m[K At global scope:
[01m[K/home/sky/obstacle-avoidance/src/obstacle-avoidance/src/rrt.cpp:62:10:[m[K [01;31m[Kerror: [m[Kvariable or field ‘[01m[Krrt[m[K’ declared void
   62 | void rrt([01;31m[KPoint[m[K start, Point goal) {
      |          [01;31m[K^~~~~[m[K
[01m[K/home/sky/obstacle-avoidance/src/obstacle-avoidance/src/rrt.cpp:62:10:[m[K [01;31m[Kerror: [m[K‘[01m[KPoint[m[K’ was not declared in this scope; did you mean ‘[01m[Kgeometry_msgs::Point[m[K’?
   62 | void rrt([01;31m[KPoint[m[K start, Point goal) {
      |          [01;31m[K^~~~~[m[K
      |          [32m[Kgeometry_msgs::Point[m[K
In file included from [01m[K/home/sky/obstacle-avoidance/src/obstacle-avoidance/src/rrt.cpp:2[m[K:
[01m[K/opt/ros/noetic/include/geometry_msgs/Point.h:58:56:[m[K [01;36m[Knote: [m[K‘[01m[Kgeometry_msgs::Point[m[K’ declared here
   58 | typedef ::geometry_msgs::Point_<std::allocator<void> > [01;36m[KPoint[m[K;
      |                                                        [01;36m[K^~~~~[m[K
[01m[K/home/sky/obstacle-avoidance/src/obstacle-avoidance/src/rrt.cpp:62:23:[m[K [01;31m[Kerror: [m[K‘[01m[KPoint[m[K’ was not declared in this scope; did you mean ‘[01m[Kgeometry_msgs::Point[m[K’?
   62 | void rrt(Point start, [01;31m[KPoint[m[K goal) {
      |                       [01;31m[K^~~~~[m[K
      |                       [32m[Kgeometry_msgs::Point[m[K
In file included from [01m[K/home/sky/obstacle-avoidance/src/obstacle-avoidance/src/rrt.cpp:2[m[K:
[01m[K/opt/ros/noetic/include/geometry_msgs/Point.h:58:56:[m[K [01;36m[Knote: [m[K‘[01m[Kgeometry_msgs::Point[m[K’ declared here
   58 | typedef ::geometry_msgs::Point_<std::allocator<void> > [01;36m[KPoint[m[K;
      |                                                        [01;36m[K^~~~~[m[K
make[2]: *** [CMakeFiles/rrt.dir/build.make:63: CMakeFiles/rrt.dir/src/rrt.cpp.o] Error 1
make[1]: *** [CMakeFiles/Makefile2:299: CMakeFiles/rrt.dir/all] Error 2
make[1]: *** Waiting for unfinished jobs....
[01m[K/home/sky/obstacle-avoidance/src/obstacle-avoidance/src/main.cpp:12:1:[m[K [01;31m[Kerror: [m[K‘[01m[KPoint[m[K’ does not name a type
   12 | [01;31m[KPoint[m[K position;
      | [01;31m[K^~~~~[m[K
[01m[K/home/sky/obstacle-avoidance/src/obstacle-avoidance/src/main.cpp:13:1:[m[K [01;31m[Kerror: [m[K‘[01m[Kvector[m[K’ does not name a type
   13 | [01;31m[Kvector[m[K<Point> obstacles;
      | [01;31m[K^~~~~~[m[K
[01m[K/home/sky/obstacle-avoidance/src/obstacle-avoidance/src/main.cpp:[m[K In function ‘[01m[Kvoid drawObstacles(float, float)[m[K’:
[01m[K/home/sky/obstacle-avoidance/src/obstacle-avoidance/src/main.cpp:34:5:[m[K [01;31m[Kerror: [m[K‘[01m[KPoint[m[K’ was not declared in this scope; did you mean ‘[01m[Kgeometry_msgs::Point[m[K’?
   34 |     [01;31m[KPoint[m[K point;
      |     [01;31m[K^~~~~[m[K
      |     [32m[Kgeometry_msgs::Point[m[K
In file included from [01m[K/home/sky/obstacle-avoidance/devel/.private/obstacle_avoidance/include/obstacle_avoidance/Points.h:18[m[K,
                 from [01m[K/home/sky/obstacle-avoidance/src/obstacle-avoidance/src/main.cpp:3[m[K:
[01m[K/opt/ros/noetic/include/geometry_msgs/Point.h:58:56:[m[K [01;36m[Knote: [m[K‘[01m[Kgeometry_msgs::Point[m[K’ declared here
   58 | typedef ::geometry_msgs::Point_<std::allocator<void> > [01;36m[KPoint[m[K;
      |                                                        [01;36m[K^~~~~[m[K
[01m[K/home/sky/obstacle-avoidance/src/obstacle-avoidance/src/main.cpp:35:5:[m[K [01;31m[Kerror: [m[K‘[01m[Kpoint[m[K’ was not declared in this scope
   35 |     [01;31m[Kpoint[m[K.x = distance * cos(theta) + position.x;
      |     [01;31m[K^~~~~[m[K
[01m[K/home/sky/obstacle-avoidance/src/obstacle-avoidance/src/main.cpp:35:39:[m[K [01;31m[Kerror: [m[K‘[01m[Kposition[m[K’ was not declared in this scope
   35 |     point.x = distance * cos(theta) + [01;31m[Kposition[m[K.x;
      |                                       [01;31m[K^~~~~~~~[m[K
[01m[K/home/sky/obstacle-avoidance/src/obstacle-avoidance/src/main.cpp:38:5:[m[K [01;31m[Kerror: [m[K‘[01m[Kobstacles[m[K’ was not declared in this scope; did you mean ‘[01m[Kobstack[m[K’?
   38 |     [01;31m[Kobstacles[m[K.push_back(point);
      |     [01;31m[K^~~~~~~~~[m[K
      |     [32m[Kobstack[m[K
[01m[K/home/sky/obstacle-avoidance/src/obstacle-avoidance/src/main.cpp:[m[K In function ‘[01m[Kvoid localPoseCallback(const ConstPtr&)[m[K’:
[01m[K/home/sky/obstacle-avoidance/src/obstacle-avoidance/src/main.cpp:42:5:[m[K [01;31m[Kerror: [m[K‘[01m[Kposition[m[K’ was not declared in this scope
   42 |     [01;31m[Kposition[m[K.x = msg->pose.position.x;
      |     [01;31m[K^~~~~~~~[m[K
make[2]: *** [CMakeFiles/obstacle_avoidance_node.dir/build.make:63: CMakeFiles/obstacle_avoidance_node.dir/src/main.cpp.o] Error 1
make[1]: *** [CMakeFiles/Makefile2:400: CMakeFiles/obstacle_avoidance_node.dir/all] Error 2
make: *** [Makefile:141: all] Error 2
