[  0%] Built target actionlib_msgs_generate_messages_nodejs
[  0%] Built target geometry_msgs_generate_messages_lisp
[  0%] Built target trajectory_msgs_generate_messages_nodejs
[  0%] Built target tf2_msgs_generate_messages_lisp
[  0%] Built target trajectory_msgs_generate_messages_cpp
[  0%] Built target actionlib_generate_messages_cpp
[  0%] Built target tf2_msgs_generate_messages_nodejs
[  0%] Built target rosgraph_msgs_generate_messages_lisp
[  0%] Built target trajectory_msgs_generate_messages_lisp
[  0%] Built target tf2_msgs_generate_messages_cpp
[  0%] Built target nav_msgs_generate_messages_cpp
[  0%] Built target trajectory_msgs_generate_messages_eus
[  0%] Built target actionlib_msgs_generate_messages_eus
[  0%] Built target actionlib_generate_messages_nodejs
[  0%] Built target roscpp_generate_messages_py
[  0%] Built target std_msgs_generate_messages_nodejs
[  0%] Built target geometry_msgs_generate_messages_eus
[  0%] Built target actionlib_generate_messages_py
[  0%] Built target diagnostic_msgs_generate_messages_lisp
[  0%] Built target roscpp_generate_messages_cpp
[  0%] Built target std_msgs_generate_messages_py
[  0%] Built target std_msgs_generate_messages_cpp
[  0%] Built target diagnostic_msgs_generate_messages_eus
[  0%] Built target tf2_msgs_generate_messages_eus
[  0%] Built target _obstacle_avoidance_generate_messages_check_deps_Points
[  0%] Built target sensor_msgs_generate_messages_py
[  0%] Built target geometry_msgs_generate_messages_py
[  0%] Built target nav_msgs_generate_messages_py
[  0%] Built target roscpp_generate_messages_lisp
[  0%] Built target nav_msgs_generate_messages_eus
[  0%] Built target actionlib_generate_messages_lisp
[  0%] Built target geometry_msgs_generate_messages_nodejs
[  0%] Built target trajectory_msgs_generate_messages_py
[  0%] Built target diagnostic_msgs_generate_messages_cpp
[  0%] Built target geometry_msgs_generate_messages_cpp
[  0%] Built target rosgraph_msgs_generate_messages_cpp
[  0%] Built target uuid_msgs_generate_messages_lisp
[  0%] Built target rosgraph_msgs_generate_messages_py
[  0%] Built target mavros_msgs_generate_messages_eus
[  0%] Built target mavros_msgs_generate_messages_py
[  0%] Built target roscpp_generate_messages_nodejs
[ 18%] Built target obstacle_avoidance_generate_messages_eus
[ 18%] Built target diagnostic_msgs_generate_messages_nodejs
[ 18%] Built target actionlib_generate_messages_eus
[ 18%] Built target std_msgs_generate_messages_lisp
[ 18%] Built target uuid_msgs_generate_messages_eus
[ 18%] Built target roscpp_generate_messages_eus
[ 18%] Built target uuid_msgs_generate_messages_cpp
[ 18%] Built target geographic_msgs_generate_messages_eus
[ 18%] Built target geographic_msgs_generate_messages_lisp
[ 18%] Built target geographic_msgs_generate_messages_cpp
[ 18%] Built target rosgraph_msgs_generate_messages_nodejs
[ 18%] Built target rosgraph_msgs_generate_messages_eus
[ 18%] Built target nav_msgs_generate_messages_nodejs
[ 18%] Built target sensor_msgs_generate_messages_cpp
[ 18%] Built target geographic_msgs_generate_messages_nodejs
[ 18%] Built target diagnostic_msgs_generate_messages_py
[ 18%] Built target uuid_msgs_generate_messages_nodejs
[ 18%] Built target sensor_msgs_generate_messages_lisp
[ 18%] Built target sensor_msgs_generate_messages_eus
[ 18%] Built target mavros_msgs_generate_messages_cpp
[ 18%] Built target geographic_msgs_generate_messages_py
[ 18%] Built target tf2_msgs_generate_messages_py
[ 18%] Built target uuid_msgs_generate_messages_py
[ 18%] Built target sensor_msgs_generate_messages_nodejs
[ 18%] Built target nav_msgs_generate_messages_lisp
[ 18%] Built target mavros_msgs_generate_messages_nodejs
[ 18%] Built target actionlib_msgs_generate_messages_cpp
[ 18%] Built target mavros_msgs_generate_messages_lisp
[ 18%] Built target actionlib_msgs_generate_messages_py
[ 36%] Built target obstacle_avoidance_generate_messages_py
[ 54%] Built target obstacle_avoidance_generate_messages_lisp
[ 54%] Built target obstacle_avoidance_generate_messages_nodejs
[ 54%] Built target actionlib_msgs_generate_messages_lisp
[ 54%] Built target std_msgs_generate_messages_eus
[ 63%] Built target obstacle_avoidance_generate_messages_cpp
[35m[1mScanning dependencies of target rrt[0m
[ 63%] Built target obstacle_avoidance_generate_messages
[ 72%] [32mBuilding CXX object CMakeFiles/rrt.dir/src/rrt.cpp.o[0m
[ 90%] Built target obstacle_avoidance_node
[01m[K/home/sky/obstacle-avoidance/src/obstacle-avoidance/src/rrt.cpp:[m[K In function ‘[01m[Kvoid rrt(geometry_msgs::Point, geometry_msgs::Point)[m[K’:
[01m[K/home/sky/obstacle-avoidance/src/obstacle-avoidance/src/rrt.cpp:232:13:[m[K [01;31m[Kerror: [m[K‘[01m[Kub_path[m[K’ was not declared in this scope; did you mean ‘[01m[Kpub_path[m[K’?
  232 |             [01;31m[Kub_path[m[K.publish(next);
      |             [01;31m[K^~~~~~~[m[K
      |             [32m[Kpub_path[m[K
make[2]: *** [CMakeFiles/rrt.dir/build.make:63: CMakeFiles/rrt.dir/src/rrt.cpp.o] Error 1
make[1]: *** [CMakeFiles/Makefile2:306: CMakeFiles/rrt.dir/all] Error 2
make: *** [Makefile:141: all] Error 2
