[  0%] Built target actionlib_msgs_generate_messages_nodejs
[  0%] Built target geometry_msgs_generate_messages_lisp
[  0%] Built target tf2_msgs_generate_messages_lisp
[  0%] Built target trajectory_msgs_generate_messages_lisp
[  0%] Built target tf2_msgs_generate_messages_nodejs
[  0%] Built target trajectory_msgs_generate_messages_cpp
[  0%] Built target tf2_msgs_generate_messages_cpp
[  0%] Built target actionlib_generate_messages_cpp
[  0%] Built target trajectory_msgs_generate_messages_nodejs
[  0%] Built target nav_msgs_generate_messages_cpp
[  0%] Built target actionlib_generate_messages_nodejs
[  0%] Built target rosgraph_msgs_generate_messages_lisp
[  0%] Built target actionlib_msgs_generate_messages_eus
[  0%] Built target trajectory_msgs_generate_messages_eus
[  0%] Built target roscpp_generate_messages_py
[  0%] Built target std_msgs_generate_messages_nodejs
[  0%] Built target std_msgs_generate_messages_cpp
[  0%] Built target actionlib_generate_messages_py
[  0%] Built target std_msgs_generate_messages_py
[  0%] Built target diagnostic_msgs_generate_messages_lisp
[  0%] Built target geometry_msgs_generate_messages_eus
[  0%] Built target nav_msgs_generate_messages_eus
[  0%] Built target _obstacle_avoidance_generate_messages_check_deps_Points
[  0%] Built target tf2_msgs_generate_messages_eus
[  0%] Built target nav_msgs_generate_messages_py
[  0%] Built target sensor_msgs_generate_messages_py
[  0%] Built target roscpp_generate_messages_cpp
[  0%] Built target actionlib_generate_messages_lisp
[  0%] Built target geometry_msgs_generate_messages_py
[  0%] Built target diagnostic_msgs_generate_messages_eus
[  0%] Built target roscpp_generate_messages_lisp
[  0%] Built target diagnostic_msgs_generate_messages_cpp
[  0%] Built target geometry_msgs_generate_messages_nodejs
[  0%] Built target actionlib_generate_messages_eus
[  0%] Built target geometry_msgs_generate_messages_cpp
[  0%] Built target rosgraph_msgs_generate_messages_py
[  0%] Built target mavros_msgs_generate_messages_eus
[  0%] Built target roscpp_generate_messages_nodejs
[  0%] Built target uuid_msgs_generate_messages_lisp
[  0%] Built target rosgraph_msgs_generate_messages_cpp
[  0%] Built target trajectory_msgs_generate_messages_py
[  0%] Built target diagnostic_msgs_generate_messages_nodejs
[  0%] Built target std_msgs_generate_messages_lisp
[ 18%] Built target obstacle_avoidance_generate_messages_eus
[ 18%] Built target mavros_msgs_generate_messages_py
[ 18%] Built target rosgraph_msgs_generate_messages_nodejs
[ 18%] Built target geographic_msgs_generate_messages_cpp
[ 18%] Built target uuid_msgs_generate_messages_eus
[ 18%] Built target roscpp_generate_messages_eus
[ 18%] Built target uuid_msgs_generate_messages_cpp
[ 18%] Built target geographic_msgs_generate_messages_eus
[ 18%] Built target geographic_msgs_generate_messages_lisp
[ 18%] Built target rosgraph_msgs_generate_messages_eus
[ 18%] Built target sensor_msgs_generate_messages_cpp
[ 18%] Built target nav_msgs_generate_messages_nodejs
[ 18%] Built target diagnostic_msgs_generate_messages_py
[ 18%] Built target geographic_msgs_generate_messages_py
[ 18%] Built target sensor_msgs_generate_messages_eus
[ 18%] Built target tf2_msgs_generate_messages_py
[ 18%] Built target geographic_msgs_generate_messages_nodejs
[ 18%] Built target uuid_msgs_generate_messages_nodejs
[ 18%] Built target sensor_msgs_generate_messages_lisp
[ 18%] Built target uuid_msgs_generate_messages_py
[ 18%] Built target mavros_msgs_generate_messages_cpp
[ 18%] Built target sensor_msgs_generate_messages_nodejs
[ 18%] Built target mavros_msgs_generate_messages_nodejs
[ 18%] Built target mavros_msgs_generate_messages_lisp
[ 18%] Built target actionlib_msgs_generate_messages_cpp
[ 18%] Built target std_msgs_generate_messages_eus
[ 18%] Built target actionlib_msgs_generate_messages_py
[ 18%] Built target nav_msgs_generate_messages_lisp
[ 36%] Built target obstacle_avoidance_generate_messages_py
[ 36%] Built target actionlib_msgs_generate_messages_lisp
[ 45%] Built target obstacle_avoidance_generate_messages_lisp
[ 54%] Built target obstacle_avoidance_generate_messages_nodejs
[ 63%] Built target obstacle_avoidance_generate_messages_cpp
[35m[1mScanning dependencies of target rrt[0m
[ 63%] Built target obstacle_avoidance_generate_messages
[ 72%] [32mBuilding CXX object CMakeFiles/rrt.dir/src/rrt.cpp.o[0m
[ 90%] Built target obstacle_avoidance_node
In file included from [01m[K/opt/ros/noetic/include/ros/ros.h:40[m[K,
                 from [01m[K/home/sky/obstacle-avoidance/src/obstacle-avoidance/src/rrt.cpp:2[m[K:
[01m[K/home/sky/obstacle-avoidance/src/obstacle-avoidance/src/rrt.cpp:[m[K In function ‘[01m[Kvoid rrt(geometry_msgs::Point, geometry_msgs::Point)[m[K’:
[01m[K/home/sky/obstacle-avoidance/src/obstacle-avoidance/src/rrt.cpp:131:54:[m[K [01;31m[Kerror: [m[Krequest for member ‘[01m[Kx[m[K’ in ‘[01m[Kcurrent->node::parent[m[K’, which is of pointer type ‘[01m[Knode*[m[K’ (maybe you meant to use ‘[01m[K->[m[K’ ?)
  131 |         ROS_INFO("go to: x=%f y=%f", current->parent.[01;31m[Kx[m[K, current->parent.y);
      |                                                      [01;31m[K^[m[K
[01m[K/opt/ros/noetic/include/ros/console.h:351:165:[m[K [01;36m[Knote: [m[Kin definition of macro ‘[01m[KROSCONSOLE_PRINT_AT_LOCATION_WITH_FILTER[m[K’
  351 |     ::ros::console::print(filter, __rosconsole_define_location__loc.logger_, __rosconsole_define_location__loc.level_, __FILE__, __LINE__, __ROSCONSOLE_FUNCTION__, [01;36m[K__VA_ARGS__[m[K)
      |                                                                                                                                                                     [01;36m[K^~~~~~~~~~~[m[K
[01m[K/opt/ros/noetic/include/ros/console.h:390:7:[m[K [01;36m[Knote: [m[Kin expansion of macro ‘[01m[KROSCONSOLE_PRINT_AT_LOCATION[m[K’
  390 |       [01;36m[KROSCONSOLE_PRINT_AT_LOCATION[m[K(__VA_ARGS__); \
      |       [01;36m[K^~~~~~~~~~~~~~~~~~~~~~~~~~~~[m[K
[01m[K/opt/ros/noetic/include/ros/console.h:575:35:[m[K [01;36m[Knote: [m[Kin expansion of macro ‘[01m[KROS_LOG_COND[m[K’
  575 | #define ROS_LOG(level, name, ...) [01;36m[KROS_LOG_COND[m[K(true, level, name, __VA_ARGS__)
      |                                   [01;36m[K^~~~~~~~~~~~[m[K
[01m[K/opt/ros/noetic/include/rosconsole/macros_generated.h:110:23:[m[K [01;36m[Knote: [m[Kin expansion of macro ‘[01m[KROS_LOG[m[K’
  110 | #define ROS_INFO(...) [01;36m[KROS_LOG[m[K(::ros::console::levels::Info, ROSCONSOLE_DEFAULT_NAME, __VA_ARGS__)
      |                       [01;36m[K^~~~~~~[m[K
[01m[K/home/sky/obstacle-avoidance/src/obstacle-avoidance/src/rrt.cpp:131:9:[m[K [01;36m[Knote: [m[Kin expansion of macro ‘[01m[KROS_INFO[m[K’
  131 |         [01;36m[KROS_INFO[m[K("go to: x=%f y=%f", current->parent.x, current->parent.y);
      |         [01;36m[K^~~~~~~~[m[K
[01m[K/home/sky/obstacle-avoidance/src/obstacle-avoidance/src/rrt.cpp:131:73:[m[K [01;31m[Kerror: [m[Krequest for member ‘[01m[Ky[m[K’ in ‘[01m[Kcurrent->node::parent[m[K’, which is of pointer type ‘[01m[Knode*[m[K’ (maybe you meant to use ‘[01m[K->[m[K’ ?)
  131 |         ROS_INFO("go to: x=%f y=%f", current->parent.x, current->parent.[01;31m[Ky[m[K);
      |                                                                         [01;31m[K^[m[K
[01m[K/opt/ros/noetic/include/ros/console.h:351:165:[m[K [01;36m[Knote: [m[Kin definition of macro ‘[01m[KROSCONSOLE_PRINT_AT_LOCATION_WITH_FILTER[m[K’
  351 |     ::ros::console::print(filter, __rosconsole_define_location__loc.logger_, __rosconsole_define_location__loc.level_, __FILE__, __LINE__, __ROSCONSOLE_FUNCTION__, [01;36m[K__VA_ARGS__[m[K)
      |                                                                                                                                                                     [01;36m[K^~~~~~~~~~~[m[K
[01m[K/opt/ros/noetic/include/ros/console.h:390:7:[m[K [01;36m[Knote: [m[Kin expansion of macro ‘[01m[KROSCONSOLE_PRINT_AT_LOCATION[m[K’
  390 |       [01;36m[KROSCONSOLE_PRINT_AT_LOCATION[m[K(__VA_ARGS__); \
      |       [01;36m[K^~~~~~~~~~~~~~~~~~~~~~~~~~~~[m[K
[01m[K/opt/ros/noetic/include/ros/console.h:575:35:[m[K [01;36m[Knote: [m[Kin expansion of macro ‘[01m[KROS_LOG_COND[m[K’
  575 | #define ROS_LOG(level, name, ...) [01;36m[KROS_LOG_COND[m[K(true, level, name, __VA_ARGS__)
      |                                   [01;36m[K^~~~~~~~~~~~[m[K
[01m[K/opt/ros/noetic/include/rosconsole/macros_generated.h:110:23:[m[K [01;36m[Knote: [m[Kin expansion of macro ‘[01m[KROS_LOG[m[K’
  110 | #define ROS_INFO(...) [01;36m[KROS_LOG[m[K(::ros::console::levels::Info, ROSCONSOLE_DEFAULT_NAME, __VA_ARGS__)
      |                       [01;36m[K^~~~~~~[m[K
[01m[K/home/sky/obstacle-avoidance/src/obstacle-avoidance/src/rrt.cpp:131:9:[m[K [01;36m[Knote: [m[Kin expansion of macro ‘[01m[KROS_INFO[m[K’
  131 |         [01;36m[KROS_INFO[m[K("go to: x=%f y=%f", current->parent.x, current->parent.y);
      |         [01;36m[K^~~~~~~~[m[K
make[2]: *** [CMakeFiles/rrt.dir/build.make:63: CMakeFiles/rrt.dir/src/rrt.cpp.o] Error 1
make[1]: *** [CMakeFiles/Makefile2:299: CMakeFiles/rrt.dir/all] Error 2
make: *** [Makefile:141: all] Error 2
