[  0%] Built target trajectory_msgs_generate_messages_nodejs
[  0%] Built target actionlib_msgs_generate_messages_nodejs
[  0%] Built target trajectory_msgs_generate_messages_lisp
[  0%] Built target trajectory_msgs_generate_messages_cpp
[  0%] Built target geometry_msgs_generate_messages_lisp
[  0%] Built target tf2_msgs_generate_messages_lisp
[  0%] Built target tf2_msgs_generate_messages_nodejs
[  0%] Built target tf2_msgs_generate_messages_cpp
[  0%] Built target actionlib_generate_messages_nodejs
[  0%] Built target rosgraph_msgs_generate_messages_lisp
[  0%] Built target actionlib_generate_messages_cpp
[  0%] Built target actionlib_msgs_generate_messages_eus
[  0%] Built target _obstacle_avoidance_generate_messages_check_deps_Points
[  0%] Built target std_msgs_generate_messages_nodejs
[  0%] Built target roscpp_generate_messages_py
[  0%] Built target nav_msgs_generate_messages_eus
[  0%] Built target trajectory_msgs_generate_messages_eus
[  0%] Built target geometry_msgs_generate_messages_eus
[  0%] Built target diagnostic_msgs_generate_messages_lisp
[  0%] Built target diagnostic_msgs_generate_messages_eus
[  0%] Built target nav_msgs_generate_messages_cpp
[  0%] Built target std_msgs_generate_messages_cpp
[  0%] Built target actionlib_generate_messages_py
[  0%] Built target geometry_msgs_generate_messages_py
[  0%] Built target sensor_msgs_generate_messages_py
[  0%] Built target tf2_msgs_generate_messages_eus
[  0%] Built target std_msgs_generate_messages_py
[  0%] Built target roscpp_generate_messages_cpp
[  0%] Built target nav_msgs_generate_messages_py
[  0%] Built target geometry_msgs_generate_messages_nodejs
[  0%] Built target actionlib_generate_messages_lisp
[  0%] Built target rosgraph_msgs_generate_messages_py
[  0%] Built target diagnostic_msgs_generate_messages_cpp
[  0%] Built target mavros_msgs_generate_messages_eus
[  0%] Built target rosgraph_msgs_generate_messages_cpp
[  0%] Built target geometry_msgs_generate_messages_cpp
[  0%] Built target roscpp_generate_messages_lisp
[  0%] Built target actionlib_generate_messages_eus
[  0%] Built target roscpp_generate_messages_nodejs
[  0%] Built target std_msgs_generate_messages_lisp
[  0%] Built target uuid_msgs_generate_messages_lisp
[  0%] Built target roscpp_generate_messages_eus
[  0%] Built target diagnostic_msgs_generate_messages_nodejs
[  0%] Built target mavros_msgs_generate_messages_py
[  0%] Built target uuid_msgs_generate_messages_cpp
[  0%] Built target trajectory_msgs_generate_messages_py
[ 18%] Built target obstacle_avoidance_generate_messages_eus
[ 18%] Built target uuid_msgs_generate_messages_eus
[ 18%] Built target geographic_msgs_generate_messages_cpp
[ 18%] Built target rosgraph_msgs_generate_messages_nodejs
[ 18%] Built target geographic_msgs_generate_messages_eus
[ 18%] Built target nav_msgs_generate_messages_nodejs
[ 18%] Built target sensor_msgs_generate_messages_cpp
[ 18%] Built target rosgraph_msgs_generate_messages_eus
[ 18%] Built target geographic_msgs_generate_messages_nodejs
[ 18%] Built target geographic_msgs_generate_messages_py
[ 18%] Built target diagnostic_msgs_generate_messages_py
[ 18%] Built target geographic_msgs_generate_messages_lisp
[ 18%] Built target sensor_msgs_generate_messages_eus
[ 18%] Built target sensor_msgs_generate_messages_lisp
[ 18%] Built target uuid_msgs_generate_messages_py
[ 18%] Built target tf2_msgs_generate_messages_py
[ 18%] Built target mavros_msgs_generate_messages_lisp
[ 18%] Built target uuid_msgs_generate_messages_nodejs
[ 18%] Built target actionlib_msgs_generate_messages_py
[ 18%] Built target nav_msgs_generate_messages_lisp
[ 18%] Built target mavros_msgs_generate_messages_nodejs
[ 18%] Built target mavros_msgs_generate_messages_cpp
[ 18%] Built target sensor_msgs_generate_messages_nodejs
[ 18%] Built target actionlib_msgs_generate_messages_cpp
[ 18%] Built target actionlib_msgs_generate_messages_lisp
[ 18%] Built target std_msgs_generate_messages_eus
[ 36%] Built target obstacle_avoidance_generate_messages_cpp
[ 36%] Built target obstacle_avoidance_generate_messages_nodejs
[ 45%] Built target obstacle_avoidance_generate_messages_lisp
[ 63%] Built target obstacle_avoidance_generate_messages_py
[35m[1mScanning dependencies of target rrt[0m
[ 63%] Built target obstacle_avoidance_generate_messages
[ 81%] Built target obstacle_avoidance_node
[ 90%] [32mBuilding CXX object CMakeFiles/rrt.dir/src/rrt.cpp.o[0m
[01m[K/home/sky/obstacle-avoidance/src/obstacle-avoidance/src/rrt.cpp:[m[K In function ‘[01m[Kvoid rrt(geometry_msgs::Point, geometry_msgs::Point)[m[K’:
[01m[K/home/sky/obstacle-avoidance/src/obstacle-avoidance/src/rrt.cpp:185:44:[m[K [01;31m[Kerror: [m[Kno matching function for call to ‘[01m[Ksqrt(geometry_msgs::Point_<std::allocator<void> >::_x_type, int)[m[K’
  185 |             if (sqrt(goal.x - obstacle.x, 2[01;31m[K)[m[K + pow(goal.y - obstacle.y, 2) < clearence) {
      |                                            [01;31m[K^[m[K
In file included from [01m[K/usr/include/features.h:461[m[K,
                 from [01m[K/usr/include/x86_64-linux-gnu/c++/9/bits/os_defines.h:39[m[K,
                 from [01m[K/usr/include/x86_64-linux-gnu/c++/9/bits/c++config.h:528[m[K,
                 from [01m[K/usr/include/c++/9/bits/stl_algobase.h:59[m[K,
                 from [01m[K/usr/include/c++/9/vector:60[m[K,
                 from [01m[K/home/sky/obstacle-avoidance/src/obstacle-avoidance/src/rrt.cpp:1[m[K:
[01m[K/usr/include/x86_64-linux-gnu/bits/mathcalls.h:143:1:[m[K [01;36m[Knote: [m[Kcandidate: ‘[01m[Kdouble sqrt(double)[m[K’
  143 | [01;36m[K__MATHCALL[m[K (sqrt,, (_Mdouble_ __x));
      | [01;36m[K^~~~~~~~~~[m[K
[01m[K/usr/include/x86_64-linux-gnu/bits/mathcalls.h:143:1:[m[K [01;36m[Knote: [m[K  candidate expects 1 argument, 2 provided
In file included from [01m[K/opt/ros/noetic/include/ros/time.h:55[m[K,
                 from [01m[K/opt/ros/noetic/include/ros/ros.h:38[m[K,
                 from [01m[K/home/sky/obstacle-avoidance/src/obstacle-avoidance/src/rrt.cpp:2[m[K:
[01m[K/usr/include/c++/9/cmath:475:5:[m[K [01;36m[Knote: [m[Kcandidate: ‘[01m[Ktemplate<class _Tp> constexpr typename __gnu_cxx::__enable_if<std::__is_integer<_Tp>::__value, double>::__type std::sqrt(_Tp)[m[K’
  475 |     [01;36m[Ksqrt[m[K(_Tp __x)
      |     [01;36m[K^~~~[m[K
[01m[K/usr/include/c++/9/cmath:475:5:[m[K [01;36m[Knote: [m[K  template argument deduction/substitution failed:
[01m[K/home/sky/obstacle-avoidance/src/obstacle-avoidance/src/rrt.cpp:185:44:[m[K [01;36m[Knote: [m[K  candidate expects 1 argument, 2 provided
  185 |             if (sqrt(goal.x - obstacle.x, 2[01;36m[K)[m[K + pow(goal.y - obstacle.y, 2) < clearence) {
      |                                            [01;36m[K^[m[K
In file included from [01m[K/opt/ros/noetic/include/ros/time.h:55[m[K,
                 from [01m[K/opt/ros/noetic/include/ros/ros.h:38[m[K,
                 from [01m[K/home/sky/obstacle-avoidance/src/obstacle-avoidance/src/rrt.cpp:2[m[K:
[01m[K/usr/include/c++/9/cmath:467:3:[m[K [01;36m[Knote: [m[Kcandidate: ‘[01m[Kconstexpr long double std::sqrt(long double)[m[K’
  467 |   [01;36m[Ksqrt[m[K(long double __x)
      |   [01;36m[K^~~~[m[K
[01m[K/usr/include/c++/9/cmath:467:3:[m[K [01;36m[Knote: [m[K  candidate expects 1 argument, 2 provided
[01m[K/usr/include/c++/9/cmath:463:3:[m[K [01;36m[Knote: [m[Kcandidate: ‘[01m[Kconstexpr float std::sqrt(float)[m[K’
  463 |   [01;36m[Ksqrt[m[K(float __x)
      |   [01;36m[K^~~~[m[K
[01m[K/usr/include/c++/9/cmath:463:3:[m[K [01;36m[Knote: [m[K  candidate expects 1 argument, 2 provided
[01m[K/home/sky/obstacle-avoidance/src/obstacle-avoidance/src/rrt.cpp:187:21:[m[K [01;31m[Kerror: [m[Kexpected ‘[01m[K;[m[K’ before ‘[01m[Kreturn[m[K’
  187 |                     [01;31m[Kreturn[m[K;
      |                     [01;31m[K^~~~~~[m[K
make[2]: *** [CMakeFiles/rrt.dir/build.make:63: CMakeFiles/rrt.dir/src/rrt.cpp.o] Error 1
make[1]: *** [CMakeFiles/Makefile2:306: CMakeFiles/rrt.dir/all] Error 2
make: *** [Makefile:141: all] Error 2
