[01m[K/home/sky/obstacle-avoidance/src/obstacle-avoidance/src/rrt.cpp:11:5:[m[K [01;31m[Kerror: [m[K‘[01m[Kvector[m[K’ does not name a type
   11 |     [01;31m[Kvector[m[K<node*> children;
      |     [01;31m[K^~~~~~[m[K
[01m[K/home/sky/obstacle-avoidance/src/obstacle-avoidance/src/rrt.cpp:16:5:[m[K [01;31m[Kerror: [m[K‘[01m[Kvector[m[K’ does not name a type
   16 |     [01;31m[Kvector[m[K<node*> nodes;
      |     [01;31m[K^~~~~~[m[K
[01m[K/home/sky/obstacle-avoidance/src/obstacle-avoidance/src/rrt.cpp:28:10:[m[K [01;31m[Kerror: [m[Kvariable or field ‘[01m[Krrt[m[K’ declared void
   28 | void rrt([01;31m[KPoint[m[K start, Point goal);
      |          [01;31m[K^~~~~[m[K
[01m[K/home/sky/obstacle-avoidance/src/obstacle-avoidance/src/rrt.cpp:28:10:[m[K [01;31m[Kerror: [m[K‘[01m[KPoint[m[K’ was not declared in this scope; did you mean ‘[01m[Kgeometry_msgs::Point[m[K’?
   28 | void rrt([01;31m[KPoint[m[K start, Point goal);
      |          [01;31m[K^~~~~[m[K
      |          [32m[Kgeometry_msgs::Point[m[K
In file included from [01m[K/home/sky/obstacle-avoidance/src/obstacle-avoidance/src/rrt.cpp:2[m[K:
[01m[K/opt/ros/noetic/include/geometry_msgs/Point.h:58:56:[m[K [01;36m[Knote: [m[K‘[01m[Kgeometry_msgs::Point[m[K’ declared here
   58 | typedef ::geometry_msgs::Point_<std::allocator<void> > [01;36m[KPoint[m[K;
      |                                                        [01;36m[K^~~~~[m[K
[01m[K/home/sky/obstacle-avoidance/src/obstacle-avoidance/src/rrt.cpp:28:23:[m[K [01;31m[Kerror: [m[K‘[01m[KPoint[m[K’ was not declared in this scope; did you mean ‘[01m[Kgeometry_msgs::Point[m[K’?
   28 | void rrt(Point start, [01;31m[KPoint[m[K goal);
      |                       [01;31m[K^~~~~[m[K
      |                       [32m[Kgeometry_msgs::Point[m[K
In file included from [01m[K/home/sky/obstacle-avoidance/src/obstacle-avoidance/src/rrt.cpp:2[m[K:
[01m[K/opt/ros/noetic/include/geometry_msgs/Point.h:58:56:[m[K [01;36m[Knote: [m[K‘[01m[Kgeometry_msgs::Point[m[K’ declared here
   58 | typedef ::geometry_msgs::Point_<std::allocator<void> > [01;36m[KPoint[m[K;
      |                                                        [01;36m[K^~~~~[m[K
[01m[K/home/sky/obstacle-avoidance/src/obstacle-avoidance/src/rrt.cpp:[m[K In function ‘[01m[Kint main(int, char**)[m[K’:
[01m[K/home/sky/obstacle-avoidance/src/obstacle-avoidance/src/rrt.cpp:32:5:[m[K [01;31m[Kerror: [m[K‘[01m[Kinit[m[K’ was not declared in this scope; did you mean ‘[01m[Kint[m[K’?
   32 |     [01;31m[Kinit[m[K(argc, argv, "rrt");
      |     [01;31m[K^~~~[m[K
      |     [32m[Kint[m[K
[01m[K/home/sky/obstacle-avoidance/src/obstacle-avoidance/src/rrt.cpp:33:5:[m[K [01;31m[Kerror: [m[K‘[01m[KNodeHandle[m[K’ was not declared in this scope
   33 |     [01;31m[KNodeHandle[m[K nh;
      |     [01;31m[K^~~~~~~~~~[m[K
[01m[K/home/sky/obstacle-avoidance/src/obstacle-avoidance/src/rrt.cpp:34:5:[m[K [01;31m[Kerror: [m[K‘[01m[KSubscriber[m[K’ was not declared in this scope
   34 |     [01;31m[KSubscriber[m[K sub_local_pose = nh.subscribe("/local_position/pose ", 10, localPoseCallback);
      |     [01;31m[K^~~~~~~~~~[m[K
[01m[K/home/sky/obstacle-avoidance/src/obstacle-avoidance/src/rrt.cpp:35:15:[m[K [01;31m[Kerror: [m[Kexpected ‘[01m[K;[m[K’ before ‘[01m[Ksub_obstacles[m[K’
   35 |     Subscriber[01;31m[K [m[K[32m[Ksub_obstacles[m[K = nh.subscribe("/obstacle_avoidance/obstacles", 10, obstacleCallback);
      |               [01;31m[K^[m[K[32m[K~~~~~~~~~~~~~[m[K
      |               [32m[K;[m[K
[01m[K/home/sky/obstacle-avoidance/src/obstacle-avoidance/src/rrt.cpp:36:15:[m[K [01;31m[Kerror: [m[Kexpected ‘[01m[K;[m[K’ before ‘[01m[Ksub_goal[m[K’
   36 |     Subscriber[01;31m[K [m[K[32m[Ksub_goal[m[K = nh.subscribe("/obstacle_avoidance/goal", 10, goalCallback);
      |               [01;31m[K^[m[K[32m[K~~~~~~~~[m[K
      |               [32m[K;[m[K
[01m[K/home/sky/obstacle-avoidance/src/obstacle-avoidance/src/rrt.cpp:39:5:[m[K [01;31m[Kerror: [m[K‘[01m[Kspin[m[K’ was not declared in this scope; did you mean ‘[01m[Ksin[m[K’?
   39 |     [01;31m[Kspin[m[K();
      |     [01;31m[K^~~~[m[K
      |     [32m[Ksin[m[K
[01m[K/home/sky/obstacle-avoidance/src/obstacle-avoidance/src/rrt.cpp:[m[K In function ‘[01m[Kvoid goalCallback(const ConstPtr&)[m[K’:
[01m[K/home/sky/obstacle-avoidance/src/obstacle-avoidance/src/rrt.cpp:59:5:[m[K [01;31m[Kerror: [m[K‘[01m[Krrt[m[K’ was not declared in this scope
   59 |     [01;31m[Krrt[m[K(position, goal);
      |     [01;31m[K^~~[m[K
[01m[K/home/sky/obstacle-avoidance/src/obstacle-avoidance/src/rrt.cpp:[m[K In function ‘[01m[Kvoid rrt(geometry_msgs::Point, geometry_msgs::Point)[m[K’:
[01m[K/home/sky/obstacle-avoidance/src/obstacle-avoidance/src/rrt.cpp:67:7:[m[K [01;31m[Kerror: [m[K‘[01m[Kstruct tree[m[K’ has no member named ‘[01m[Knodes[m[K’
   67 |     t.[01;31m[Knodes[m[K.push_back(t.root);
      |       [01;31m[K^~~~~[m[K
[01m[K/home/sky/obstacle-avoidance/src/obstacle-avoidance/src/rrt.cpp:75:27:[m[K [01;31m[Kerror: [m[K‘[01m[Kstruct tree[m[K’ has no member named ‘[01m[Knodes[m[K’
   75 |         node* nearest = t.[01;31m[Knodes[m[K[0];
      |                           [01;31m[K^~~~~[m[K
[01m[K/home/sky/obstacle-avoidance/src/obstacle-avoidance/src/rrt.cpp:76:26:[m[K [01;31m[Kerror: [m[K‘[01m[Kstruct tree[m[K’ has no member named ‘[01m[Knodes[m[K’
   76 |         for (node* n : t.[01;31m[Knodes[m[K) {
      |                          [01;31m[K^~~~~[m[K
[01m[K/home/sky/obstacle-avoidance/src/obstacle-avoidance/src/rrt.cpp:101:22:[m[K [01;31m[Kerror: [m[K‘[01m[Kstruct node[m[K’ has no member named ‘[01m[Kchildren[m[K’
  101 |             nearest->[01;31m[Kchildren[m[K.push_back(new_node);
      |                      [01;31m[K^~~~~~~~[m[K
[01m[K/home/sky/obstacle-avoidance/src/obstacle-avoidance/src/rrt.cpp:102:15:[m[K [01;31m[Kerror: [m[K‘[01m[Kstruct tree[m[K’ has no member named ‘[01m[Knodes[m[K’
  102 |             t.[01;31m[Knodes[m[K.push_back(new_node);
      |               [01;31m[K^~~~~[m[K
[01m[K/home/sky/obstacle-avoidance/src/obstacle-avoidance/src/rrt.cpp:109:22:[m[K [01;31m[Kerror: [m[K‘[01m[Kstruct node[m[K’ has no member named ‘[01m[Kchildren[m[K’
  109 |             nearest->[01;31m[Kchildren[m[K.push_back(goal_node);
      |                      [01;31m[K^~~~~~~~[m[K
[01m[K/home/sky/obstacle-avoidance/src/obstacle-avoidance/src/rrt.cpp:110:15:[m[K [01;31m[Kerror: [m[K‘[01m[Kstruct tree[m[K’ has no member named ‘[01m[Knodes[m[K’
  110 |             t.[01;31m[Knodes[m[K.push_back(goal_node);
      |               [01;31m[K^~~~~[m[K
[01m[K/home/sky/obstacle-avoidance/src/obstacle-avoidance/src/rrt.cpp:116:23:[m[K [01;31m[Kerror: [m[K‘[01m[Kstruct tree[m[K’ has no member named ‘[01m[Knodes[m[K’
  116 |     node* current = t.[01;31m[Knodes[m[K[t.nodes.size() - 1];
      |                       [01;31m[K^~~~~[m[K
[01m[K/home/sky/obstacle-avoidance/src/obstacle-avoidance/src/rrt.cpp:116:31:[m[K [01;31m[Kerror: [m[K‘[01m[Kstruct tree[m[K’ has no member named ‘[01m[Knodes[m[K’
  116 |     node* current = t.nodes[t.[01;31m[Knodes[m[K.size() - 1];
      |                               [01;31m[K^~~~~[m[K
[01m[K/home/sky/obstacle-avoidance/src/obstacle-avoidance/src/rrt.cpp:117:5:[m[K [01;31m[Kerror: [m[K‘[01m[KPublisher[m[K’ was not declared in this scope
  117 |     [01;31m[KPublisher[m[K pub_path = nh.advertise<geometry_msgs::PoseStamped>("/setpoint_position/local", 10);
      |     [01;31m[K^~~~~~~~~[m[K
[01m[K/home/sky/obstacle-avoidance/src/obstacle-avoidance/src/rrt.cpp:120:9:[m[K [01;31m[Kerror: [m[K‘[01m[KROS_INFO[m[K’ was not declared in this scope
  120 |         [01;31m[KROS_INFO[m[K("x: %f, y: %f", current->point.x, current->point.y);
      |         [01;31m[K^~~~~~~~[m[K
[01m[K/home/sky/obstacle-avoidance/src/obstacle-avoidance/src/rrt.cpp:126:9:[m[K [01;31m[Kerror: [m[K‘[01m[Kpub_path[m[K’ was not declared in this scope
  126 |         [01;31m[Kpub_path[m[K.publish(next);
      |         [01;31m[K^~~~~~~~[m[K
make[2]: *** [CMakeFiles/rrt.dir/build.make:63: CMakeFiles/rrt.dir/src/rrt.cpp.o] Error 1
make[1]: *** [CMakeFiles/Makefile2:299: CMakeFiles/rrt.dir/all] Error 2
make: *** [Makefile:141: all] Error 2
