[01m[K/home/sky/obstacle-avoidance/src/obstacle-avoidance/src/rrt.cpp:[m[K In function ‘[01m[Kvoid rrt(geometry_msgs::Point, geometry_msgs::Point)[m[K’:
[01m[K/home/sky/obstacle-avoidance/src/obstacle-avoidance/src/rrt.cpp:99:34:[m[K [01;31m[Kerror: [m[Kexpected initializer before ‘[01m[Kt[m[K’
   99 |     geometry_msgs::Point current [01;31m[Kt[m[K.nodes[0].point;
      |                                  [01;31m[K^[m[K
[01m[K/home/sky/obstacle-avoidance/src/obstacle-avoidance/src/rrt.cpp:101:51:[m[K [01;31m[Kerror: [m[K‘[01m[Kcurrent[m[K’ was not declared in this scope
  101 |         geometry_msgs::Point random = Bias(start, [01;31m[Kcurrent[m[K);
      |                                                   [01;31m[K^~~~~~~[m[K
[01m[K/home/sky/obstacle-avoidance/src/obstacle-avoidance/src/rrt.cpp:134:43:[m[K [01;31m[Kerror: [m[Kbase operand of ‘[01m[K->[m[K’ has non-pointer type ‘[01m[Kgeometry_msgs::Point[m[K’ {aka ‘[01m[Kgeometry_msgs::Point_<std::allocator<void> >[m[K’}
  134 |             if (minimal_distance(new_point[01;31m[K->[m[Kpoint, goal) < minimal_distance(current, goal)) {
      |                                           [01;31m[K^~[m[K
[01m[K/home/sky/obstacle-avoidance/src/obstacle-avoidance/src/rrt.cpp:135:36:[m[K [01;31m[Kerror: [m[Kbase operand of ‘[01m[K->[m[K’ has non-pointer type ‘[01m[Kgeometry_msgs::Point[m[K’ {aka ‘[01m[Kgeometry_msgs::Point_<std::allocator<void> >[m[K’}
  135 |                 current = new_point[01;31m[K->[m[Kpoint;
      |                                    [01;31m[K^~[m[K
[01m[K/home/sky/obstacle-avoidance/src/obstacle-avoidance/src/rrt.cpp:156:38:[m[K [01;31m[Kerror: [m[K‘[01m[Kmavros_msgs[m[K’ was not declared in this scope
  156 |     Publisher pub_raw = nh.advertise<[01;31m[Kmavros_msgs[m[K::PositionTarget>("/mavros/setpoint_raw/local", 10);
      |                                      [01;31m[K^~~~~~~~~~~[m[K
[01m[K/home/sky/obstacle-avoidance/src/obstacle-avoidance/src/rrt.cpp:156:28:[m[K [01;31m[Kerror: [m[Kparse error in template argument list
  156 |     Publisher pub_raw = nh.[01;31m[Kadvertise<mavros_msgs::PositionTarget>[m[K("/mavros/setpoint_raw/local", 10);
      |                            [01;31m[K^~~~~~~~~~~~~~~~~~~~~~~~~~~~~~~~~~~~~~[m[K
[01m[K/home/sky/obstacle-avoidance/src/obstacle-avoidance/src/rrt.cpp:156:99:[m[K [01;31m[Kerror: [m[Kno matching function for call to ‘[01m[Kros::NodeHandle::advertise<<expression error> >(const char [27], int)[m[K’
  156 |     Publisher pub_raw = nh.advertise<mavros_msgs::PositionTarget>("/mavros/setpoint_raw/local", 10[01;31m[K)[m[K;
      |                                                                                                   [01;31m[K^[m[K
In file included from [01m[K/opt/ros/noetic/include/ros/ros.h:45[m[K,
                 from [01m[K/home/sky/obstacle-avoidance/src/obstacle-avoidance/src/rrt.cpp:2[m[K:
[01m[K/opt/ros/noetic/include/ros/node_handle.h:249:15:[m[K [01;36m[Knote: [m[Kcandidate: ‘[01m[Ktemplate<class M> ros::Publisher ros::NodeHandle::advertise(const string&, uint32_t, bool)[m[K’
  249 |     Publisher [01;36m[Kadvertise[m[K(const std::string& topic, uint32_t queue_size, bool latch = false)
      |               [01;36m[K^~~~~~~~~[m[K
[01m[K/opt/ros/noetic/include/ros/node_handle.h:249:15:[m[K [01;36m[Knote: [m[K  template argument deduction/substitution failed:
[01m[K/home/sky/obstacle-avoidance/src/obstacle-avoidance/src/rrt.cpp:156:99:[m[K [01;31m[Kerror: [m[Ktemplate argument 1 is invalid
  156 |     Publisher pub_raw = nh.advertise<mavros_msgs::PositionTarget>("/mavros/setpoint_raw/local", 10[01;31m[K)[m[K;
      |                                                                                                   [01;31m[K^[m[K
In file included from [01m[K/opt/ros/noetic/include/ros/ros.h:45[m[K,
                 from [01m[K/home/sky/obstacle-avoidance/src/obstacle-avoidance/src/rrt.cpp:2[m[K:
[01m[K/opt/ros/noetic/include/ros/node_handle.h:315:13:[m[K [01;36m[Knote: [m[Kcandidate: ‘[01m[Ktemplate<class M> ros::Publisher ros::NodeHandle::advertise(const string&, uint32_t, const SubscriberStatusCallback&, const SubscriberStatusCallback&, const VoidConstPtr&, bool)[m[K’
  315 |   Publisher [01;36m[Kadvertise[m[K(const std::string& topic, uint32_t queue_size,
      |             [01;36m[K^~~~~~~~~[m[K
[01m[K/opt/ros/noetic/include/ros/node_handle.h:315:13:[m[K [01;36m[Knote: [m[K  template argument deduction/substitution failed:
[01m[K/home/sky/obstacle-avoidance/src/obstacle-avoidance/src/rrt.cpp:156:99:[m[K [01;31m[Kerror: [m[Ktemplate argument 1 is invalid
  156 |     Publisher pub_raw = nh.advertise<mavros_msgs::PositionTarget>("/mavros/setpoint_raw/local", 10[01;31m[K)[m[K;
      |                                                                                                   [01;31m[K^[m[K
[01m[K/home/sky/obstacle-avoidance/src/obstacle-avoidance/src/rrt.cpp:177:13:[m[K [01;31m[Kerror: [m[K‘[01m[Kmavros_msgs[m[K’ is not a class, namespace, or enumeration
  177 |             [01;31m[Kmavros_msgs[m[K::PositionTarget raw;
      |             [01;31m[K^~~~~~~~~~~[m[K
[01m[K/home/sky/obstacle-avoidance/src/obstacle-avoidance/src/rrt.cpp:178:13:[m[K [01;31m[Kerror: [m[K‘[01m[Kraw[m[K’ was not declared in this scope
  178 |             [01;31m[Kraw[m[K.coordinate_frame = mavros_msgs::PositionTarget::FRAME_LOCAL_NED;
      |             [01;31m[K^~~[m[K
[01m[K/home/sky/obstacle-avoidance/src/obstacle-avoidance/src/rrt.cpp:178:36:[m[K [01;31m[Kerror: [m[K‘[01m[Kmavros_msgs[m[K’ is not a class, namespace, or enumeration
  178 |             raw.coordinate_frame = [01;31m[Kmavros_msgs[m[K::PositionTarget::FRAME_LOCAL_NED;
      |                                    [01;31m[K^~~~~~~~~~~[m[K
[01m[K/home/sky/obstacle-avoidance/src/obstacle-avoidance/src/rrt.cpp:179:29:[m[K [01;31m[Kerror: [m[K‘[01m[Kmavros_msgs[m[K’ is not a class, namespace, or enumeration
  179 |             raw.type_mask = [01;31m[Kmavros_msgs[m[K::PositionTarget::IGNORE_AFX | mavros_msgs::PostionTarget::FORCE | mavros_msgs::PositionTarget::IGNORE_YAW;
      |                             [01;31m[K^~~~~~~~~~~[m[K
[01m[K/home/sky/obstacle-avoidance/src/obstacle-avoidance/src/rrt.cpp:179:71:[m[K [01;31m[Kerror: [m[K‘[01m[Kmavros_msgs[m[K’ is not a class, namespace, or enumeration
  179 |             raw.type_mask = mavros_msgs::PositionTarget::IGNORE_AFX | [01;31m[Kmavros_msgs[m[K::PostionTarget::FORCE | mavros_msgs::PositionTarget::IGNORE_YAW;
      |                                                                       [01;31m[K^~~~~~~~~~~[m[K
[01m[K/home/sky/obstacle-avoidance/src/obstacle-avoidance/src/rrt.cpp:179:107:[m[K [01;31m[Kerror: [m[K‘[01m[Kmavros_msgs[m[K’ is not a class, namespace, or enumeration
  179 |             raw.type_mask = mavros_msgs::PositionTarget::IGNORE_AFX | mavros_msgs::PostionTarget::FORCE | [01;31m[Kmavros_msgs[m[K::PositionTarget::IGNORE_YAW;
      |                                                                                                           [01;31m[K^~~~~~~~~~~[m[K
make[2]: *** [CMakeFiles/rrt.dir/build.make:63: CMakeFiles/rrt.dir/src/rrt.cpp.o] Error 1
make[1]: *** [CMakeFiles/Makefile2:306: CMakeFiles/rrt.dir/all] Error 2
make: *** [Makefile:141: all] Error 2
