[  0%] Built target rosgraph_msgs_generate_messages_lisp
[  0%] Built target tf2_msgs_generate_messages_cpp
[  0%] Built target nav_msgs_generate_messages_cpp
[  0%] Built target trajectory_msgs_generate_messages_nodejs
[  0%] Built target tf2_msgs_generate_messages_nodejs
[  0%] Built target tf2_msgs_generate_messages_lisp
[  0%] Built target actionlib_msgs_generate_messages_nodejs
[  0%] Built target trajectory_msgs_generate_messages_cpp
[  0%] Built target trajectory_msgs_generate_messages_eus
[  0%] Built target trajectory_msgs_generate_messages_lisp
[  0%] Built target actionlib_generate_messages_nodejs
[  0%] Built target actionlib_msgs_generate_messages_eus
[  0%] Built target geometry_msgs_generate_messages_lisp
[  0%] Built target actionlib_generate_messages_cpp
[  0%] Built target roscpp_generate_messages_py
[  0%] Built target std_msgs_generate_messages_nodejs
[  0%] Built target actionlib_generate_messages_py
[  0%] Built target geometry_msgs_generate_messages_eus
[  0%] Built target diagnostic_msgs_generate_messages_lisp
[  0%] Built target diagnostic_msgs_generate_messages_eus
[  0%] Built target _obstacle_avoidance_generate_messages_check_deps_Points
[  0%] Built target std_msgs_generate_messages_cpp
[  0%] Built target sensor_msgs_generate_messages_py
[  0%] Built target roscpp_generate_messages_cpp
[  0%] Built target tf2_msgs_generate_messages_eus
[  0%] Built target std_msgs_generate_messages_py
[  0%] Built target nav_msgs_generate_messages_eus
[  0%] Built target geometry_msgs_generate_messages_py
[  0%] Built target nav_msgs_generate_messages_py
[  0%] Built target actionlib_generate_messages_lisp
[  0%] Built target roscpp_generate_messages_lisp
[  0%] Built target rosgraph_msgs_generate_messages_py
[  0%] Built target diagnostic_msgs_generate_messages_cpp
[  0%] Built target diagnostic_msgs_generate_messages_nodejs
[  0%] Built target actionlib_generate_messages_eus
[  0%] Built target geometry_msgs_generate_messages_nodejs
[  0%] Built target geometry_msgs_generate_messages_cpp
[  0%] Built target mavros_msgs_generate_messages_eus
[  0%] Built target rosgraph_msgs_generate_messages_cpp
[  0%] Built target uuid_msgs_generate_messages_lisp
[  0%] Built target roscpp_generate_messages_nodejs
[  0%] Built target trajectory_msgs_generate_messages_py
[  0%] Built target mavros_msgs_generate_messages_py
[  0%] Built target roscpp_generate_messages_eus
[  0%] Built target std_msgs_generate_messages_lisp
[ 18%] Built target obstacle_avoidance_generate_messages_eus
[ 18%] Built target uuid_msgs_generate_messages_cpp
[ 18%] Built target geographic_msgs_generate_messages_eus
[ 18%] Built target rosgraph_msgs_generate_messages_nodejs
[ 18%] Built target uuid_msgs_generate_messages_eus
[ 18%] Built target nav_msgs_generate_messages_nodejs
[ 18%] Built target rosgraph_msgs_generate_messages_eus
[ 18%] Built target geographic_msgs_generate_messages_lisp
[ 18%] Built target sensor_msgs_generate_messages_cpp
[ 18%] Built target geographic_msgs_generate_messages_nodejs
[ 18%] Built target geographic_msgs_generate_messages_cpp
[ 18%] Built target diagnostic_msgs_generate_messages_py
[ 18%] Built target sensor_msgs_generate_messages_eus
[ 18%] Built target sensor_msgs_generate_messages_lisp
[ 18%] Built target geographic_msgs_generate_messages_py
[ 18%] Built target uuid_msgs_generate_messages_nodejs
[ 18%] Built target actionlib_msgs_generate_messages_py
[ 18%] Built target tf2_msgs_generate_messages_py
[ 18%] Built target mavros_msgs_generate_messages_nodejs
[ 18%] Built target sensor_msgs_generate_messages_nodejs
[ 18%] Built target nav_msgs_generate_messages_lisp
[ 18%] Built target mavros_msgs_generate_messages_cpp
[ 18%] Built target uuid_msgs_generate_messages_py
[ 18%] Built target mavros_msgs_generate_messages_lisp
[ 18%] Built target actionlib_msgs_generate_messages_lisp
[ 18%] Built target actionlib_msgs_generate_messages_cpp
[ 18%] Built target std_msgs_generate_messages_eus
[ 27%] Built target obstacle_avoidance_generate_messages_cpp
[ 45%] Built target obstacle_avoidance_generate_messages_nodejs
[ 45%] Built target obstacle_avoidance_generate_messages_lisp
[ 63%] Built target obstacle_avoidance_generate_messages_py
[35m[1mScanning dependencies of target rrt[0m
[ 63%] Built target obstacle_avoidance_generate_messages
[ 81%] Built target obstacle_avoidance_node
[ 90%] [32mBuilding CXX object CMakeFiles/rrt.dir/src/rrt.cpp.o[0m
[100%] [32m[1mLinking CXX executable /home/sky/obstacle-avoidance/devel/.private/obstacle_avoidance/lib/obstacle_avoidance/rrt[0m
[100%] Built target rrt
